
[30-Jul-2025 07:14:51 UTC] PHP Fatal error:  Uncaught Pecee\SimpleRouter\Exceptions\ClassNotFoundHttpException: Method "addArticle" does not exist in class "Module\PanelArticles\Controllers\PanelArticlesController" in /var/www/html/vendor/pecee/simple-router/src/Pecee/SimpleRouter/Route/Route.php:112
Stack trace:
#0 /var/www/html/vendor/pecee/simple-router/src/Pecee/SimpleRouter/Router.php(427): Pecee\SimpleRouter\Route\Route->renderRoute(Object(Pecee\Http\Request), Object(Pecee\SimpleRouter\Router))
#1 /var/www/html/vendor/pecee/simple-router/src/Pecee/SimpleRouter/Router.php(353): Pecee\SimpleRouter\Router->routeRequest()
#2 /var/www/html/vendor/pecee/simple-router/src/Pecee/SimpleRouter/SimpleRouter.php(69): Pecee\SimpleRouter\Router->start()
#3 /var/www/html/core/Container.php(34): Pecee\SimpleRouter\SimpleRouter::start()
#4 /var/www/html/core/Container.php(43): Devyuha\Lunaris\Container->loadRoutes(Array)
#5 /var/www/html/core/Container.php(59): Devyuha\Lunaris\Container->loadModules()
#6 /var/www/html/bootstrap/app.php(31): Devyuha\Lunaris\Container->init()
#7 /var/www/html/bootstrap/app.php(21): Application->initiateProviders(Array)
#8 /var/www/html/bootstrap/app.php(13): Application->loadProviders()
#9 /var/www/html/public/index.php(11): Application->configure()
#10 {main}
  thrown in /var/www/html/vendor/pecee/simple-router/src/Pecee/SimpleRouter/Route/Route.php on line 112
[30-Jul-2025 07:14:52 UTC] PHP Fatal error:  Uncaught Pecee\Http\Middleware\Exceptions\TokenMismatchException: Invalid CSRF-token. in /var/www/html/vendor/pecee/simple-router/src/Pecee/Http/Middleware/BaseCsrfVerifier.php:109
Stack trace:
#0 /var/www/html/vendor/pecee/simple-router/src/Pecee/SimpleRouter/Router.php(347): Pecee\Http\Middleware\BaseCsrfVerifier->handle(Object(Pecee\Http\Request))
#1 /var/www/html/vendor/pecee/simple-router/src/Pecee/SimpleRouter/SimpleRouter.php(69): Pecee\SimpleRouter\Router->start()
#2 /var/www/html/core/Container.php(34): Pecee\SimpleRouter\SimpleRouter::start()
#3 /var/www/html/core/Container.php(43): Devyuha\Lunaris\Container->loadRoutes(Array)
#4 /var/www/html/core/Container.php(59): Devyuha\Lunaris\Container->loadModules()
#5 /var/www/html/bootstrap/app.php(31): Devyuha\Lunaris\Container->init()
#6 /var/www/html/bootstrap/app.php(21): Application->initiateProviders(Array)
#7 /var/www/html/bootstrap/app.php(13): Application->loadProviders()
#8 /var/www/html/public/index.php(11): Application->configure()
#9 {main}
  thrown in /var/www/html/vendor/pecee/simple-router/src/Pecee/Http/Middleware/BaseCsrfVerifier.php on line 109
[30-Jul-2025 07:15:43 UTC] PHP Fatal error:  Uncaught Pecee\SimpleRouter\Exceptions\ClassNotFoundHttpException: Method "addArticle" does not exist in class "Module\PanelArticles\Controllers\PanelArticlesController" in /var/www/html/vendor/pecee/simple-router/src/Pecee/SimpleRouter/Route/Route.php:112
Stack trace:
#0 /var/www/html/vendor/pecee/simple-router/src/Pecee/SimpleRouter/Router.php(427): Pecee\SimpleRouter\Route\Route->renderRoute(Object(Pecee\Http\Request), Object(Pecee\SimpleRouter\Router))
#1 /var/www/html/vendor/pecee/simple-router/src/Pecee/SimpleRouter/Router.php(353): Pecee\SimpleRouter\Router->routeRequest()
#2 /var/www/html/vendor/pecee/simple-router/src/Pecee/SimpleRouter/SimpleRouter.php(69): Pecee\SimpleRouter\Router->start()
#3 /var/www/html/core/Container.php(34): Pecee\SimpleRouter\SimpleRouter::start()
#4 /var/www/html/core/Container.php(43): Devyuha\Lunaris\Container->loadRoutes(Array)
#5 /var/www/html/core/Container.php(59): Devyuha\Lunaris\Container->loadModules()
#6 /var/www/html/bootstrap/app.php(31): Devyuha\Lunaris\Container->init()
#7 /var/www/html/bootstrap/app.php(21): Application->initiateProviders(Array)
#8 /var/www/html/bootstrap/app.php(13): Application->loadProviders()
#9 /var/www/html/public/index.php(11): Application->configure()
#10 {main}
  thrown in /var/www/html/vendor/pecee/simple-router/src/Pecee/SimpleRouter/Route/Route.php on line 112
[30-Jul-2025 07:19:50 UTC] PHP Fatal error:  Uncaught Pecee\SimpleRouter\Exceptions\NotFoundHttpException: Route not found: "/public/resources/js/bootstrap.esm.js.map/" in /var/www/html/vendor/pecee/simple-router/src/Pecee/SimpleRouter/Router.php:467
Stack trace:
#0 /var/www/html/vendor/pecee/simple-router/src/Pecee/SimpleRouter/Router.php(353): Pecee\SimpleRouter\Router->routeRequest()
#1 /var/www/html/vendor/pecee/simple-router/src/Pecee/SimpleRouter/SimpleRouter.php(69): Pecee\SimpleRouter\Router->start()
#2 /var/www/html/core/Container.php(34): Pecee\SimpleRouter\SimpleRouter::start()
#3 /var/www/html/core/Container.php(43): Devyuha\Lunaris\Container->loadRoutes(Array)
#4 /var/www/html/core/Container.php(59): Devyuha\Lunaris\Container->loadModules()
#5 /var/www/html/bootstrap/app.php(31): Devyuha\Lunaris\Container->init()
#6 /var/www/html/bootstrap/app.php(21): Application->initiateProviders(Array)
#7 /var/www/html/bootstrap/app.php(13): Application->loadProviders()
#8 /var/www/html/public/index.php(11): Application->configure()
#9 {main}
  thrown in /var/www/html/vendor/pecee/simple-router/src/Pecee/SimpleRouter/Router.php on line 467
[30-Jul-2025 07:20:23 UTC] PHP Fatal error:  Uncaught Pecee\SimpleRouter\Exceptions\NotFoundHttpException: Route not found: "/public/resources/js/bootstrap.esm.js.map/" in /var/www/html/vendor/pecee/simple-router/src/Pecee/SimpleRouter/Router.php:467
Stack trace:
#0 /var/www/html/vendor/pecee/simple-router/src/Pecee/SimpleRouter/Router.php(353): Pecee\SimpleRouter\Router->routeRequest()
#1 /var/www/html/vendor/pecee/simple-router/src/Pecee/SimpleRouter/SimpleRouter.php(69): Pecee\SimpleRouter\Router->start()
#2 /var/www/html/core/Container.php(34): Pecee\SimpleRouter\SimpleRouter::start()
#3 /var/www/html/core/Container.php(43): Devyuha\Lunaris\Container->loadRoutes(Array)
#4 /var/www/html/core/Container.php(59): Devyuha\Lunaris\Container->loadModules()
#5 /var/www/html/bootstrap/app.php(31): Devyuha\Lunaris\Container->init()
#6 /var/www/html/bootstrap/app.php(21): Application->initiateProviders(Array)
#7 /var/www/html/bootstrap/app.php(13): Application->loadProviders()
#8 /var/www/html/public/index.php(11): Application->configure()
#9 {main}
  thrown in /var/www/html/vendor/pecee/simple-router/src/Pecee/SimpleRouter/Router.php on line 467
[30-Jul-2025 07:20:40 UTC] PHP Fatal error:  Uncaught Pecee\SimpleRouter\Exceptions\NotFoundHttpException: Route not found: "/public/resources/js/bootstrap.esm.js.map/" in /var/www/html/vendor/pecee/simple-router/src/Pecee/SimpleRouter/Router.php:467
Stack trace:
#0 /var/www/html/vendor/pecee/simple-router/src/Pecee/SimpleRouter/Router.php(353): Pecee\SimpleRouter\Router->routeRequest()
#1 /var/www/html/vendor/pecee/simple-router/src/Pecee/SimpleRouter/SimpleRouter.php(69): Pecee\SimpleRouter\Router->start()
#2 /var/www/html/core/Container.php(34): Pecee\SimpleRouter\SimpleRouter::start()
#3 /var/www/html/core/Container.php(43): Devyuha\Lunaris\Container->loadRoutes(Array)
#4 /var/www/html/core/Container.php(59): Devyuha\Lunaris\Container->loadModules()
#5 /var/www/html/bootstrap/app.php(31): Devyuha\Lunaris\Container->init()
#6 /var/www/html/bootstrap/app.php(21): Application->initiateProviders(Array)
#7 /var/www/html/bootstrap/app.php(13): Application->loadProviders()
#8 /var/www/html/public/index.php(11): Application->configure()
#9 {main}
  thrown in /var/www/html/vendor/pecee/simple-router/src/Pecee/SimpleRouter/Router.php on line 467
[30-Jul-2025 07:32:13 UTC] PHP Fatal error:  Uncaught Pecee\SimpleRouter\Exceptions\NotFoundHttpException: Route not found: "/public/resources/js/bootstrap.esm.js.map/" in /var/www/html/vendor/pecee/simple-router/src/Pecee/SimpleRouter/Router.php:467
Stack trace:
#0 /var/www/html/vendor/pecee/simple-router/src/Pecee/SimpleRouter/Router.php(353): Pecee\SimpleRouter\Router->routeRequest()
#1 /var/www/html/vendor/pecee/simple-router/src/Pecee/SimpleRouter/SimpleRouter.php(69): Pecee\SimpleRouter\Router->start()
#2 /var/www/html/core/Container.php(34): Pecee\SimpleRouter\SimpleRouter::start()
#3 /var/www/html/core/Container.php(43): Devyuha\Lunaris\Container->loadRoutes(Array)
#4 /var/www/html/core/Container.php(59): Devyuha\Lunaris\Container->loadModules()
#5 /var/www/html/bootstrap/app.php(31): Devyuha\Lunaris\Container->init()
#6 /var/www/html/bootstrap/app.php(21): Application->initiateProviders(Array)
#7 /var/www/html/bootstrap/app.php(13): Application->loadProviders()
#8 /var/www/html/public/index.php(11): Application->configure()
#9 {main}
  thrown in /var/www/html/vendor/pecee/simple-router/src/Pecee/SimpleRouter/Router.php on line 467
[30-Jul-2025 07:32:30 UTC] PHP Fatal error:  Uncaught Pecee\SimpleRouter\Exceptions\NotFoundHttpException: Route not found: "/public/resources/js/bootstrap.esm.js.map/" in /var/www/html/vendor/pecee/simple-router/src/Pecee/SimpleRouter/Router.php:467
Stack trace:
#0 /var/www/html/vendor/pecee/simple-router/src/Pecee/SimpleRouter/Router.php(353): Pecee\SimpleRouter\Router->routeRequest()
#1 /var/www/html/vendor/pecee/simple-router/src/Pecee/SimpleRouter/SimpleRouter.php(69): Pecee\SimpleRouter\Router->start()
#2 /var/www/html/core/Container.php(34): Pecee\SimpleRouter\SimpleRouter::start()
#3 /var/www/html/core/Container.php(43): Devyuha\Lunaris\Container->loadRoutes(Array)
#4 /var/www/html/core/Container.php(59): Devyuha\Lunaris\Container->loadModules()
#5 /var/www/html/bootstrap/app.php(31): Devyuha\Lunaris\Container->init()
#6 /var/www/html/bootstrap/app.php(21): Application->initiateProviders(Array)
#7 /var/www/html/bootstrap/app.php(13): Application->loadProviders()
#8 /var/www/html/public/index.php(11): Application->configure()
#9 {main}
  thrown in /var/www/html/vendor/pecee/simple-router/src/Pecee/SimpleRouter/Router.php on line 467
[30-Jul-2025 07:32:48 UTC] PHP Fatal error:  Uncaught Pecee\SimpleRouter\Exceptions\NotFoundHttpException: Route not found: "/public/resources/js/bootstrap.esm.js.map/" in /var/www/html/vendor/pecee/simple-router/src/Pecee/SimpleRouter/Router.php:467
Stack trace:
#0 /var/www/html/vendor/pecee/simple-router/src/Pecee/SimpleRouter/Router.php(353): Pecee\SimpleRouter\Router->routeRequest()
#1 /var/www/html/vendor/pecee/simple-router/src/Pecee/SimpleRouter/SimpleRouter.php(69): Pecee\SimpleRouter\Router->start()
#2 /var/www/html/core/Container.php(34): Pecee\SimpleRouter\SimpleRouter::start()
#3 /var/www/html/core/Container.php(43): Devyuha\Lunaris\Container->loadRoutes(Array)
#4 /var/www/html/core/Container.php(59): Devyuha\Lunaris\Container->loadModules()
#5 /var/www/html/bootstrap/app.php(31): Devyuha\Lunaris\Container->init()
#6 /var/www/html/bootstrap/app.php(21): Application->initiateProviders(Array)
#7 /var/www/html/bootstrap/app.php(13): Application->loadProviders()
#8 /var/www/html/public/index.php(11): Application->configure()
#9 {main}
  thrown in /var/www/html/vendor/pecee/simple-router/src/Pecee/SimpleRouter/Router.php on line 467
[30-Jul-2025 07:40:29 UTC] PHP Fatal error:  Uncaught Pecee\SimpleRouter\Exceptions\NotFoundHttpException: Route not found: "/public/resources/js/bootstrap.esm.js.map/" in /var/www/html/vendor/pecee/simple-router/src/Pecee/SimpleRouter/Router.php:467
Stack trace:
#0 /var/www/html/vendor/pecee/simple-router/src/Pecee/SimpleRouter/Router.php(353): Pecee\SimpleRouter\Router->routeRequest()
#1 /var/www/html/vendor/pecee/simple-router/src/Pecee/SimpleRouter/SimpleRouter.php(69): Pecee\SimpleRouter\Router->start()
#2 /var/www/html/core/Container.php(34): Pecee\SimpleRouter\SimpleRouter::start()
#3 /var/www/html/core/Container.php(43): Devyuha\Lunaris\Container->loadRoutes(Array)
#4 /var/www/html/core/Container.php(59): Devyuha\Lunaris\Container->loadModules()
#5 /var/www/html/bootstrap/app.php(31): Devyuha\Lunaris\Container->init()
#6 /var/www/html/bootstrap/app.php(21): Application->initiateProviders(Array)
#7 /var/www/html/bootstrap/app.php(13): Application->loadProviders()
#8 /var/www/html/public/index.php(11): Application->configure()
#9 {main}
  thrown in /var/www/html/vendor/pecee/simple-router/src/Pecee/SimpleRouter/Router.php on line 467
[30-Jul-2025 08:46:01 UTC] PHP Fatal error:  Uncaught Pecee\SimpleRouter\Exceptions\NotFoundHttpException: Route not found: "/public/resources/js/bootstrap.esm.js.map/" in /var/www/html/vendor/pecee/simple-router/src/Pecee/SimpleRouter/Router.php:467
Stack trace:
#0 /var/www/html/vendor/pecee/simple-router/src/Pecee/SimpleRouter/Router.php(353): Pecee\SimpleRouter\Router->routeRequest()
#1 /var/www/html/vendor/pecee/simple-router/src/Pecee/SimpleRouter/SimpleRouter.php(69): Pecee\SimpleRouter\Router->start()
#2 /var/www/html/core/Container.php(34): Pecee\SimpleRouter\SimpleRouter::start()
#3 /var/www/html/core/Container.php(43): Devyuha\Lunaris\Container->loadRoutes(Array)
#4 /var/www/html/core/Container.php(59): Devyuha\Lunaris\Container->loadModules()
#5 /var/www/html/bootstrap/app.php(31): Devyuha\Lunaris\Container->init()
#6 /var/www/html/bootstrap/app.php(21): Application->initiateProviders(Array)
#7 /var/www/html/bootstrap/app.php(13): Application->loadProviders()
#8 /var/www/html/public/index.php(11): Application->configure()
#9 {main}
  thrown in /var/www/html/vendor/pecee/simple-router/src/Pecee/SimpleRouter/Router.php on line 467
[30-Jul-2025 08:46:04 UTC] PHP Fatal error:  Uncaught Pecee\SimpleRouter\Exceptions\NotFoundHttpException: Route not found: "/public/resources/js/bootstrap.esm.js.map/" in /var/www/html/vendor/pecee/simple-router/src/Pecee/SimpleRouter/Router.php:467
Stack trace:
#0 /var/www/html/vendor/pecee/simple-router/src/Pecee/SimpleRouter/Router.php(353): Pecee\SimpleRouter\Router->routeRequest()
#1 /var/www/html/vendor/pecee/simple-router/src/Pecee/SimpleRouter/SimpleRouter.php(69): Pecee\SimpleRouter\Router->start()
#2 /var/www/html/core/Container.php(34): Pecee\SimpleRouter\SimpleRouter::start()
#3 /var/www/html/core/Container.php(43): Devyuha\Lunaris\Container->loadRoutes(Array)
#4 /var/www/html/core/Container.php(59): Devyuha\Lunaris\Container->loadModules()
#5 /var/www/html/bootstrap/app.php(31): Devyuha\Lunaris\Container->init()
#6 /var/www/html/bootstrap/app.php(21): Application->initiateProviders(Array)
#7 /var/www/html/bootstrap/app.php(13): Application->loadProviders()
#8 /var/www/html/public/index.php(11): Application->configure()
#9 {main}
  thrown in /var/www/html/vendor/pecee/simple-router/src/Pecee/SimpleRouter/Router.php on line 467
[30-Jul-2025 08:46:17 UTC] PHP Fatal error:  Uncaught Pecee\SimpleRouter\Exceptions\NotFoundHttpException: Route not found: "/public/resources/js/bootstrap.esm.js.map/" in /var/www/html/vendor/pecee/simple-router/src/Pecee/SimpleRouter/Router.php:467
Stack trace:
#0 /var/www/html/vendor/pecee/simple-router/src/Pecee/SimpleRouter/Router.php(353): Pecee\SimpleRouter\Router->routeRequest()
#1 /var/www/html/vendor/pecee/simple-router/src/Pecee/SimpleRouter/SimpleRouter.php(69): Pecee\SimpleRouter\Router->start()
#2 /var/www/html/core/Container.php(34): Pecee\SimpleRouter\SimpleRouter::start()
#3 /var/www/html/core/Container.php(43): Devyuha\Lunaris\Container->loadRoutes(Array)
#4 /var/www/html/core/Container.php(59): Devyuha\Lunaris\Container->loadModules()
#5 /var/www/html/bootstrap/app.php(31): Devyuha\Lunaris\Container->init()
#6 /var/www/html/bootstrap/app.php(21): Application->initiateProviders(Array)
#7 /var/www/html/bootstrap/app.php(13): Application->loadProviders()
#8 /var/www/html/public/index.php(11): Application->configure()
#9 {main}
  thrown in /var/www/html/vendor/pecee/simple-router/src/Pecee/SimpleRouter/Router.php on line 467
[30-Jul-2025 08:46:57 UTC] PHP Fatal error:  Uncaught Pecee\SimpleRouter\Exceptions\NotFoundHttpException: Route not found: "/public/resources/js/bootstrap.esm.js.map/" in /var/www/html/vendor/pecee/simple-router/src/Pecee/SimpleRouter/Router.php:467
Stack trace:
#0 /var/www/html/vendor/pecee/simple-router/src/Pecee/SimpleRouter/Router.php(353): Pecee\SimpleRouter\Router->routeRequest()
#1 /var/www/html/vendor/pecee/simple-router/src/Pecee/SimpleRouter/SimpleRouter.php(69): Pecee\SimpleRouter\Router->start()
#2 /var/www/html/core/Container.php(34): Pecee\SimpleRouter\SimpleRouter::start()
#3 /var/www/html/core/Container.php(43): Devyuha\Lunaris\Container->loadRoutes(Array)
#4 /var/www/html/core/Container.php(59): Devyuha\Lunaris\Container->loadModules()
#5 /var/www/html/bootstrap/app.php(31): Devyuha\Lunaris\Container->init()
#6 /var/www/html/bootstrap/app.php(21): Application->initiateProviders(Array)
#7 /var/www/html/bootstrap/app.php(13): Application->loadProviders()
#8 /var/www/html/public/index.php(11): Application->configure()
#9 {main}
  thrown in /var/www/html/vendor/pecee/simple-router/src/Pecee/SimpleRouter/Router.php on line 467
[30-Jul-2025 08:47:09 UTC] PHP Fatal error:  Uncaught Pecee\SimpleRouter\Exceptions\NotFoundHttpException: Route not found: "/public/resources/js/bootstrap.esm.js.map/" in /var/www/html/vendor/pecee/simple-router/src/Pecee/SimpleRouter/Router.php:467
Stack trace:
#0 /var/www/html/vendor/pecee/simple-router/src/Pecee/SimpleRouter/Router.php(353): Pecee\SimpleRouter\Router->routeRequest()
#1 /var/www/html/vendor/pecee/simple-router/src/Pecee/SimpleRouter/SimpleRouter.php(69): Pecee\SimpleRouter\Router->start()
#2 /var/www/html/core/Container.php(34): Pecee\SimpleRouter\SimpleRouter::start()
#3 /var/www/html/core/Container.php(43): Devyuha\Lunaris\Container->loadRoutes(Array)
#4 /var/www/html/core/Container.php(59): Devyuha\Lunaris\Container->loadModules()
#5 /var/www/html/bootstrap/app.php(31): Devyuha\Lunaris\Container->init()
#6 /var/www/html/bootstrap/app.php(21): Application->initiateProviders(Array)
#7 /var/www/html/bootstrap/app.php(13): Application->loadProviders()
#8 /var/www/html/public/index.php(11): Application->configure()
#9 {main}
  thrown in /var/www/html/vendor/pecee/simple-router/src/Pecee/SimpleRouter/Router.php on line 467
